<?xml version="1.0" encoding="UTF-8"?>
<!-- Generated by org.testng.reporters.JUnitXMLReporter -->
<testsuite ignored="0" hostname="iYOUShhhhh" failures="0" tests="3" name="Default test" time="53.36" errors="0" timestamp="2026-01-10T18:55:41 IST">
  <testcase classname="com.ayush.automation.tests.LoginTest" name="endToEndCheckoutFlow" time="37.257"/>
  <testcase classname="com.ayush.automation.tests.LoginTest" name="loginAndAddSpecificProductsToCart" time="5.741"/>
  <testcase classname="com.ayush.automation.tests.LoginTest" name="loginAndGetAllProductsTest" time="1.072"/>
</testsuite> <!-- Default test -->
