<?xml version="1.0" encoding="UTF-8"?>
<!-- Generated by org.testng.reporters.JUnitXMLReporter -->
<testsuite ignored="2" hostname="iYOUShhhhh" failures="0" tests="1" name="Smoke Tests" time="6.404" errors="0" timestamp="2026-01-10T19:38:58 IST">
  <testcase classname="com.ayush.automation.tests.LoginTest" name="loginAndGetAllProductsTest" time="3.148"/>
  <testcase classname="com.ayush.automation.tests.LoginTest" name="endToEndCheckoutFlow" time="0.0">
    <ignored/>
  </testcase> <!-- endToEndCheckoutFlow -->
  <testcase classname="com.ayush.automation.tests.LoginTest" name="loginAndAddSpecificProductsToCart" time="0.0">
    <ignored/>
  </testcase> <!-- loginAndAddSpecificProductsToCart -->
</testsuite> <!-- Smoke Tests -->
