<?xml version="1.0" encoding="UTF-8"?>
<!-- Generated by org.testng.reporters.JUnitXMLReporter -->
<testsuite ignored="3" hostname="iYOUShhhhh" failures="0" tests="1" name="Regression Tests" time="10.762" errors="0" timestamp="2026-01-10T19:57:41 IST">
  <testcase classname="com.ayush.automation.tests.LoginTest" name="loginAndAddSpecificProductsToCart" time="5.585"/>
  <testcase classname="com.ayush.automation.tests.LoginTest" name="loginAndGetAllProductsTest" time="0.0">
    <ignored/>
  </testcase> <!-- loginAndGetAllProductsTest -->
  <testcase classname="com.ayush.automation.tests.PaymentTest" name="paymentFlowTest" time="0.0">
    <ignored/>
  </testcase> <!-- paymentFlowTest -->
  <testcase classname="com.ayush.automation.tests.LoginTest" name="endToEndCheckoutFlow" time="0.0">
    <ignored/>
  </testcase> <!-- endToEndCheckoutFlow -->
</testsuite> <!-- Regression Tests -->
