<?xml version="1.0" encoding="UTF-8"?>
<!-- Generated by org.testng.reporters.JUnitXMLReporter -->
<testsuite ignored="0" hostname="iYOUShhhhh" failures="0" tests="4" name="All Tests" time="98.709" errors="0" timestamp="2026-01-10T20:03:08 IST">
  <testcase classname="com.ayush.automation.tests.LoginTest" name="endToEndCheckoutFlow" time="38.718"/>
  <testcase classname="com.ayush.automation.tests.LoginTest" name="loginAndAddSpecificProductsToCart" time="5.373"/>
  <testcase classname="com.ayush.automation.tests.LoginTest" name="loginAndGetAllProductsTest" time="1.997"/>
  <testcase classname="com.ayush.automation.tests.PaymentTest" name="paymentFlowTest" time="37.891"/>
</testsuite> <!-- All Tests -->
