<?xml version="1.0" encoding="UTF-8"?>
<!-- Generated by org.testng.reporters.JUnitXMLReporter -->
<testsuite ignored="0" hostname="iYOUShhhhh" failures="0" tests="3" name="Login and Dashboard Tests" time="35.988" errors="0" timestamp="2026-01-10T14:12:03 IST">
  <testcase classname="com.ayush.automation.tests.LoginTest" name="endToEndCheckoutFlow" time="25.583"/>
  <testcase classname="com.ayush.automation.tests.LoginTest" name="loginAndAddSpecificProductsToCart" time="3.484"/>
  <testcase classname="com.ayush.automation.tests.LoginTest" name="loginAndGetAllProductsTest" time="0.634"/>
</testsuite> <!-- Login and Dashboard Tests -->
