<?xml version="1.0" encoding="UTF-8"?>
<testng-results ignored="0" total="4" passed="4" failed="0" skipped="0">
  <reporter-output>
  </reporter-output>
  <suite started-at="2026-01-10T20:01:28 IST" name="Full Automation Suite" finished-at="2026-01-10T20:03:07 IST" duration-ms="98709">
    <groups>
      <group name="regression">
        <method signature="LoginTest.loginAndAddSpecificProductsToCart()[pri:0, instance:com.ayush.automation.tests.LoginTest@50f6ac94]" name="loginAndAddSpecificProductsToCart" class="com.ayush.automation.tests.LoginTest"/>
      </group> <!-- regression -->
      <group name="smoke">
        <method signature="LoginTest.loginAndGetAllProductsTest()[pri:0, instance:com.ayush.automation.tests.LoginTest@50f6ac94]" name="loginAndGetAllProductsTest" class="com.ayush.automation.tests.LoginTest"/>
      </group> <!-- smoke -->
      <group name="e2e">
        <method signature="LoginTest.endToEndCheckoutFlow()[pri:0, instance:com.ayush.automation.tests.LoginTest@50f6ac94]" name="endToEndCheckoutFlow" class="com.ayush.automation.tests.LoginTest"/>
      </group> <!-- e2e -->
    </groups>
    <test started-at="2026-01-10T20:01:28 IST" name="All Tests" finished-at="2026-01-10T20:03:07 IST" duration-ms="98709">
      <class name="com.ayush.automation.tests.LoginTest">
        <test-method is-config="true" signature="setup()[pri:0, instance:com.ayush.automation.tests.LoginTest@50f6ac94]" started-at="2026-01-10T20:01:28 IST" name="setup" finished-at="2026-01-10T20:01:32 IST" duration-ms="3902" status="PASS">
          <reporter-output>
          </reporter-output>
        </test-method> <!-- setup -->
        <test-method signature="endToEndCheckoutFlow()[pri:0, instance:com.ayush.automation.tests.LoginTest@50f6ac94]" started-at="2026-01-10T20:01:32 IST" name="endToEndCheckoutFlow" finished-at="2026-01-10T20:02:11 IST" duration-ms="38718" status="PASS">
          <reporter-output>
          </reporter-output>
        </test-method> <!-- endToEndCheckoutFlow -->
        <test-method is-config="true" signature="tearDown()[pri:0, instance:com.ayush.automation.tests.LoginTest@50f6ac94]" started-at="2026-01-10T20:02:11 IST" name="tearDown" finished-at="2026-01-10T20:02:11 IST" duration-ms="345" status="PASS">
          <reporter-output>
          </reporter-output>
        </test-method> <!-- tearDown -->
        <test-method is-config="true" signature="setup()[pri:0, instance:com.ayush.automation.tests.LoginTest@50f6ac94]" started-at="2026-01-10T20:02:11 IST" name="setup" finished-at="2026-01-10T20:02:16 IST" duration-ms="4556" status="PASS">
          <reporter-output>
          </reporter-output>
        </test-method> <!-- setup -->
        <test-method signature="loginAndAddSpecificProductsToCart()[pri:0, instance:com.ayush.automation.tests.LoginTest@50f6ac94]" started-at="2026-01-10T20:02:16 IST" name="loginAndAddSpecificProductsToCart" finished-at="2026-01-10T20:02:21 IST" duration-ms="5373" status="PASS">
          <reporter-output>
          </reporter-output>
        </test-method> <!-- loginAndAddSpecificProductsToCart -->
        <test-method is-config="true" signature="tearDown()[pri:0, instance:com.ayush.automation.tests.LoginTest@50f6ac94]" started-at="2026-01-10T20:02:21 IST" name="tearDown" finished-at="2026-01-10T20:02:21 IST" duration-ms="355" status="PASS">
          <reporter-output>
          </reporter-output>
        </test-method> <!-- tearDown -->
        <test-method is-config="true" signature="setup()[pri:0, instance:com.ayush.automation.tests.LoginTest@50f6ac94]" started-at="2026-01-10T20:02:21 IST" name="setup" finished-at="2026-01-10T20:02:24 IST" duration-ms="3125" status="PASS">
          <reporter-output>
          </reporter-output>
        </test-method> <!-- setup -->
        <test-method signature="loginAndGetAllProductsTest()[pri:0, instance:com.ayush.automation.tests.LoginTest@50f6ac94]" started-at="2026-01-10T20:02:24 IST" name="loginAndGetAllProductsTest" finished-at="2026-01-10T20:02:26 IST" duration-ms="1997" status="PASS">
          <reporter-output>
          </reporter-output>
        </test-method> <!-- loginAndGetAllProductsTest -->
        <test-method is-config="true" signature="tearDown()[pri:0, instance:com.ayush.automation.tests.LoginTest@50f6ac94]" started-at="2026-01-10T20:02:26 IST" name="tearDown" finished-at="2026-01-10T20:02:27 IST" duration-ms="316" status="PASS">
          <reporter-output>
          </reporter-output>
        </test-method> <!-- tearDown -->
      </class> <!-- com.ayush.automation.tests.LoginTest -->
      <class name="com.ayush.automation.tests.PaymentTest">
        <test-method is-config="true" signature="setup()[pri:0, instance:com.ayush.automation.tests.PaymentTest@7283d3eb]" started-at="2026-01-10T20:02:27 IST" name="setup" finished-at="2026-01-10T20:02:28 IST" duration-ms="1692" status="PASS">
          <reporter-output>
          </reporter-output>
        </test-method> <!-- setup -->
        <test-method signature="paymentFlowTest()[pri:0, instance:com.ayush.automation.tests.PaymentTest@7283d3eb]" started-at="2026-01-10T20:02:28 IST" name="paymentFlowTest" finished-at="2026-01-10T20:03:06 IST" duration-ms="37891" status="PASS">
          <reporter-output>
          </reporter-output>
        </test-method> <!-- paymentFlowTest -->
        <test-method is-config="true" signature="tearDown()[pri:0, instance:com.ayush.automation.tests.PaymentTest@7283d3eb]" started-at="2026-01-10T20:03:06 IST" name="tearDown" finished-at="2026-01-10T20:03:07 IST" duration-ms="331" status="PASS">
          <reporter-output>
          </reporter-output>
        </test-method> <!-- tearDown -->
      </class> <!-- com.ayush.automation.tests.PaymentTest -->
    </test> <!-- All Tests -->
  </suite> <!-- Full Automation Suite -->
</testng-results>
