<?xml version="1.0" encoding="UTF-8"?>
<!-- Generated by org.testng.reporters.JUnitXMLReporter -->
<testsuite ignored="2" hostname="iYOUShhhhh" failures="1" tests="1" name="E2E Tests" time="0.082" errors="0" timestamp="2026-01-10T14:10:27 IST">
  <testcase classname="com.ayush.automation.tests.LoginTest" name="endToEndCheckoutFlow" time="0.041">
    <failure type="java.lang.NullPointerException" message="Cannot invoke &amp;quot;com.ayush.automation.config.ConfigReader.getProperty(String)&amp;quot; because &amp;quot;this.config&amp;quot; is null">
      <![CDATA[java.lang.NullPointerException: Cannot invoke "com.ayush.automation.config.ConfigReader.getProperty(String)" because "this.config" is null
at com.ayush.automation.tests.LoginTest.endToEndCheckoutFlow(LoginTest.java:66)
at java.base/java.util.ArrayList.forEach(ArrayList.java:1596)
... Removed 25 stack frames]]>
    </failure>
  </testcase> <!-- endToEndCheckoutFlow -->
  <testcase classname="com.ayush.automation.tests.LoginTest" name="loginAndAddSpecificProductsToCart" time="0.0">
    <ignored/>
  </testcase> <!-- loginAndAddSpecificProductsToCart -->
  <testcase classname="com.ayush.automation.tests.LoginTest" name="loginAndGetAllProductsTest" time="0.0">
    <ignored/>
  </testcase> <!-- loginAndGetAllProductsTest -->
</testsuite> <!-- E2E Tests -->
