<?xml version="1.0" encoding="UTF-8"?>
<!-- Generated by org.testng.reporters.JUnitXMLReporter -->
<testsuite ignored="2" hostname="iYOUShhhhh" failures="0" tests="1" name="End to End Flow" time="44.322" errors="0" timestamp="2026-01-10T19:27:56 IST">
  <testcase classname="com.ayush.automation.tests.LoginTest" name="endToEndCheckoutFlow" time="39.271"/>
  <testcase classname="com.ayush.automation.tests.LoginTest" name="loginAndGetAllProductsTest" time="0.0">
    <ignored/>
  </testcase> <!-- loginAndGetAllProductsTest -->
  <testcase classname="com.ayush.automation.tests.LoginTest" name="loginAndAddSpecificProductsToCart" time="0.0">
    <ignored/>
  </testcase> <!-- loginAndAddSpecificProductsToCart -->
</testsuite> <!-- End to End Flow -->
