<?xml version="1.0" encoding="UTF-8"?>
<!-- Generated by org.testng.reporters.JUnitReportReporter -->
<testsuite hostname="iYOUShhhhh" failures="0" tests="3" name="com.ayush.automation.tests.LoginTest" time="58.687" errors="0" timestamp="2026-01-10T20:03:09 IST" skipped="0">
  <testcase classname="com.ayush.automation.tests.LoginTest" name="endToEndCheckoutFlow" time="43.629"/>
  <testcase classname="com.ayush.automation.tests.LoginTest" name="loginAndGetAllProductsTest" time="5.438"/>
  <testcase classname="com.ayush.automation.tests.LoginTest" name="loginAndAddSpecificProductsToCart" time="9.620"/>
</testsuite> <!-- com.ayush.automation.tests.LoginTest -->
